  Vector2.cpp
  Vector3.cpp
  AnimatedSprite.cpp
  ASCIIRenderer.cpp
  Sprite.cpp
  EnemyArmy.cpp
D:\War-On-Cats\War-On-Cats\ASCII_GAME\Game\EnemyArmy.cpp(65,68): warning C4244: 'argument': conversion from 'float' to 'int', possible loss of data
  EnemyShip.cpp
  Game.cpp
D:\War-On-Cats\War-On-Cats\ASCII_GAME\Game\Game.cpp(87,60): warning C4244: 'argument': conversion from 'float' to 'int', possible loss of data
D:\War-On-Cats\War-On-Cats\ASCII_GAME\Game\Game.cpp(322,125): warning C4244: 'argument': conversion from 'double' to 'int', possible loss of data
D:\War-On-Cats\War-On-Cats\ASCII_GAME\Game\Game.cpp(322,59): warning C4244: 'argument': conversion from 'float' to 'int', possible loss of data
D:\War-On-Cats\War-On-Cats\ASCII_GAME\Game\Game.cpp(350,20): warning C4018: '<': signed/unsigned mismatch
D:\War-On-Cats\War-On-Cats\ASCII_GAME\Game\Game.cpp(356,20): warning C4018: '<': signed/unsigned mismatch
D:\War-On-Cats\War-On-Cats\ASCII_GAME\Game\Game.cpp(407,20): warning C4018: '<': signed/unsigned mismatch
  ScoreDisplay.cpp
  Lives.cpp
  Menu.cpp
  Missile.cpp
  PlayerShip.cpp
  Main.cpp
  Generating Code...
  LINK : D:\War-On-Cats\War-On-Cats\Debug\ASCII_GAME.exe not found or not built by the last incremental link; performing full link
  ASCII_GAME.vcxproj -> D:\War-On-Cats\War-On-Cats\Debug\ASCII_GAME.exe
