d:\4209comp - preparation\ascii_game\ascii_game\debug\vc142.pdb
d:\4209comp - preparation\ascii_game\ascii_game\debug\vc142.idb
d:\4209comp - preparation\ascii_game\ascii_game\debug\main.obj
d:\4209comp - preparation\ascii_game\ascii_game\debug\scoredisplay.obj
d:\4209comp - preparation\ascii_game\ascii_game\debug\game.obj
d:\4209comp - preparation\ascii_game\ascii_game\debug\sprite.obj
d:\4209comp - preparation\ascii_game\ascii_game\debug\asciirenderer.obj
d:\4209comp - preparation\ascii_game\ascii_game\debug\animatedsprite.obj
d:\4209comp - preparation\ascii_game\ascii_game\debug\vector3.obj
d:\4209comp - preparation\ascii_game\ascii_game\debug\vector2.obj
c:\users\cmpsczan\source\4208comp\assesment - moderation\4208comp - 2324 - moderation\assignment1\ascii_game\ascii_game\debug\vc143.pdb
c:\users\cmpsczan\source\4208comp\assesment - moderation\4208comp - 2324 - moderation\assignment1\ascii_game\ascii_game\debug\vc143.idb
c:\users\cmpsczan\source\4208comp\assesment - moderation\4208comp - 2324 - moderation\assignment1\ascii_game\ascii_game\debug\main.obj
c:\users\cmpsczan\source\4208comp\assesment - moderation\4208comp - 2324 - moderation\assignment1\ascii_game\ascii_game\debug\scoredisplay.obj
c:\users\cmpsczan\source\4208comp\assesment - moderation\4208comp - 2324 - moderation\assignment1\ascii_game\ascii_game\debug\game.obj
c:\users\cmpsczan\source\4208comp\assesment - moderation\4208comp - 2324 - moderation\assignment1\ascii_game\ascii_game\debug\sprite.obj
c:\users\cmpsczan\source\4208comp\assesment - moderation\4208comp - 2324 - moderation\assignment1\ascii_game\ascii_game\debug\asciirenderer.obj
c:\users\cmpsczan\source\4208comp\assesment - moderation\4208comp - 2324 - moderation\assignment1\ascii_game\ascii_game\debug\animatedsprite.obj
c:\users\cmpsczan\source\4208comp\assesment - moderation\4208comp - 2324 - moderation\assignment1\ascii_game\ascii_game\debug\vector3.obj
c:\users\cmpsczan\source\4208comp\assesment - moderation\4208comp - 2324 - moderation\assignment1\ascii_game\ascii_game\debug\vector2.obj
d:\4209comp - preparation\ascii_game\debug\ascii_game.ilk
d:\4209comp - preparation\ascii_game\debug\ascii_game.exe
d:\4209comp - preparation\ascii_game\debug\ascii_game.pdb
c:\users\cmpsczan\source\4208comp\assesment - moderation\4208comp - 2324 - moderation\assignment1\ascii_game\ascii_game\debug\ascii_game.ilk
c:\users\cmpsczan\source\4208comp\assesment - moderation\4208comp - 2324 - moderation\assignment1\ascii_game\debug\ascii_game.exe
c:\users\cmpsczan\source\4208comp\assesment - moderation\4208comp - 2324 - moderation\assignment1\ascii_game\debug\ascii_game.pdb
c:\users\cmpsczan\source\4208comp\assesment - moderation\4208comp - 2324 - moderation\assignment1\ascii_game\ascii_game\debug\vc142.idb
c:\users\cmpsczan\source\4208comp\assesment - moderation\4208comp - 2324 - moderation\assignment1\ascii_game\ascii_game\debug\vc142.pdb
c:\users\cmpsczan\source\4208comp\assesment - moderation\4208comp - 2324 - moderation\assignment1\ascii_game\debug\ascii_game.ilk
c:\users\cmpsczan\source\4208comp\assesment - moderation\4208comp - 2324 - moderation\assignment1\ascii_game\ascii_game\debug\ascii_game.tlog\cl.command.1.tlog
c:\users\cmpsczan\source\4208comp\assesment - moderation\4208comp - 2324 - moderation\assignment1\ascii_game\ascii_game\debug\ascii_game.tlog\cl.read.1.tlog
c:\users\cmpsczan\source\4208comp\assesment - moderation\4208comp - 2324 - moderation\assignment1\ascii_game\ascii_game\debug\ascii_game.tlog\cl.write.1.tlog
c:\users\cmpsczan\source\4208comp\assesment - moderation\4208comp - 2324 - moderation\assignment1\ascii_game\ascii_game\debug\ascii_game.tlog\link.command.1.tlog
c:\users\cmpsczan\source\4208comp\assesment - moderation\4208comp - 2324 - moderation\assignment1\ascii_game\ascii_game\debug\ascii_game.tlog\link.read.1.tlog
c:\users\cmpsczan\source\4208comp\assesment - moderation\4208comp - 2324 - moderation\assignment1\ascii_game\ascii_game\debug\ascii_game.tlog\link.write.1.tlog
